# JRE version: OpenJDK Runtime Environment (15.0.1+9) (build 15.0.1+9-18)
# Java VM: OpenJDK 64-Bit Server VM (15.0.1+9-18, mixed mode, sharing, tiered, compressed oops, g1 gc, windows-amd64)
GC Precious Log:
 CPUs: 4 total, 4 available
 Memory: 8111M
 Large Page Support: Disabled
 NUMA Support: Disabled
 Compressed Oops: Enabled (32-bit)
 Heap Region Size: 1M
 Heap Min Capacity: 8M
 Heap Initial Capacity: 128M
 Heap Max Capacity: 2028M
 Pre-touch: Disabled
 Parallel Workers: 4
 Concurrent Workers: 1
 Concurrent Refinement Workers: 4
 Periodic GC: Disabled
Heap:
 garbage-first heap   total 107520K, used 45172K [0x0000000081400000, 0x0000000100000000)
  region size 1024K, 6 young (6144K), 2 survivors (2048K)
 Metaspace       used 68348K, capacity 69010K, committed 69196K, reserved 1110016K
  class space    used 9092K, capacity 9312K, committed 9344K, reserved 1048576K
GC Heap History (20 events):
Event: 5.682 GC heap before
{Heap before GC invocations=12 (full 0):
 garbage-first heap   total 73728K, used 54619K [0x0000000081400000, 0x0000000100000000)
  region size 1024K, 35 young (35840K), 4 survivors (4096K)
 Metaspace       used 44810K, capacity 45245K, committed 45516K, reserved 1089536K
  class space    used 5890K, capacity 6058K, committed 6144K, reserved 1048576K
}
Event: 5.689 GC heap after
{Heap after GC invocations=13 (full 0):
 garbage-first heap   total 73728K, used 25843K [0x0000000081400000, 0x0000000100000000)
  region size 1024K, 3 young (3072K), 3 survivors (3072K)
 Metaspace       used 44810K, capacity 45245K, committed 45516K, reserved 1089536K
  class space    used 5890K, capacity 6058K, committed 6144K, reserved 1048576K
}
Event: 6.136 GC heap before
{Heap before GC invocations=13 (full 0):
 garbage-first heap   total 73728K, used 53491K [0x0000000081400000, 0x0000000100000000)
  region size 1024K, 31 young (31744K), 3 survivors (3072K)
 Metaspace       used 49944K, capacity 50389K, committed 50508K, reserved 1093632K
  class space    used 6614K, capacity 6767K, committed 6784K, reserved 1048576K
}
Event: 6.141 GC heap after
{Heap after GC invocations=14 (full 0):
 garbage-first heap   total 73728K, used 27800K [0x0000000081400000, 0x0000000100000000)
  region size 1024K, 2 young (2048K), 2 survivors (2048K)
 Metaspace       used 49944K, capacity 50389K, committed 50508K, reserved 1093632K
  class space    used 6614K, capacity 6767K, committed 6784K, reserved 1048576K
}
Event: 7.898 GC heap before
{Heap before GC invocations=14 (full 0):
 garbage-first heap   total 73728K, used 56472K [0x0000000081400000, 0x0000000100000000)
  region size 1024K, 30 young (30720K), 2 survivors (2048K)
 Metaspace       used 53259K, capacity 53729K, committed 53836K, reserved 1095680K
  class space    used 7049K, capacity 7236K, committed 7296K, reserved 1048576K
}
Event: 7.904 GC heap after
{Heap after GC invocations=15 (full 0):
 garbage-first heap   total 73728K, used 28697K [0x0000000081400000, 0x0000000100000000)
  region size 1024K, 3 young (3072K), 3 survivors (3072K)
 Metaspace       used 53259K, capacity 53729K, committed 53836K, reserved 1095680K
  class space    used 7049K, capacity 7236K, committed 7296K, reserved 1048576K
}
Event: 8.287 GC heap before
{Heap before GC invocations=15 (full 0):
 garbage-first heap   total 73728K, used 55321K [0x0000000081400000, 0x0000000100000000)
  region size 1024K, 30 young (30720K), 3 survivors (3072K)
 Metaspace       used 56834K, capacity 57354K, committed 57548K, reserved 1099776K
  class space    used 7483K, capacity 7655K, committed 7680K, reserved 1048576K
}
Event: 8.296 GC heap after
{Heap after GC invocations=16 (full 0):
 garbage-first heap   total 73728K, used 31133K [0x0000000081400000, 0x0000000100000000)
  region size 1024K, 4 young (4096K), 4 survivors (4096K)
 Metaspace       used 56834K, capacity 57354K, committed 57548K, reserved 1099776K
  class space    used 7483K, capacity 7655K, committed 7680K, reserved 1048576K
}
Event: 8.584 GC heap before
{Heap before GC invocations=16 (full 0):
 garbage-first heap   total 73728K, used 56733K [0x0000000081400000, 0x0000000100000000)
  region size 1024K, 30 young (30720K), 4 survivors (4096K)
 Metaspace       used 58698K, capacity 59198K, committed 59340K, reserved 1101824K
  class space    used 7671K, capacity 7832K, committed 7936K, reserved 1048576K
}
Event: 8.592 GC heap after
{Heap after GC invocations=17 (full 0):
 garbage-first heap   total 73728K, used 32440K [0x0000000081400000, 0x0000000100000000)
  region size 1024K, 2 young (2048K), 2 survivors (2048K)
 Metaspace       used 58698K, capacity 59198K, committed 59340K, reserved 1101824K
  class space    used 7671K, capacity 7832K, committed 7936K, reserved 1048576K
}
Event: 8.848 GC heap before
{Heap before GC invocations=17 (full 0):
 garbage-first heap   total 73728K, used 57016K [0x0000000081400000, 0x0000000100000000)
  region size 1024K, 26 young (26624K), 2 survivors (2048K)
 Metaspace       used 59332K, capacity 59817K, committed 59852K, reserved 1101824K
  class space    used 7739K, capacity 7907K, committed 7936K, reserved 1048576K
}
Event: 8.855 GC heap after
{Heap after GC invocations=18 (full 0):
 garbage-first heap   total 89088K, used 33674K [0x0000000081400000, 0x0000000100000000)
  region size 1024K, 3 young (3072K), 3 survivors (3072K)
 Metaspace       used 59332K, capacity 59817K, committed 59852K, reserved 1101824K
  class space    used 7739K, capacity 7907K, committed 7936K, reserved 1048576K
}
Event: 8.905 GC heap before
{Heap before GC invocations=18 (full 0):
 garbage-first heap   total 89088K, used 35722K [0x0000000081400000, 0x0000000100000000)
  region size 1024K, 6 young (6144K), 3 survivors (3072K)
 Metaspace       used 59636K, capacity 60105K, committed 60236K, reserved 1101824K
  class space    used 7773K, capacity 7939K, committed 8064K, reserved 1048576K
}
Event: 8.912 GC heap after
{Heap after GC invocations=19 (full 0):
 garbage-first heap   total 89088K, used 34256K [0x0000000081400000, 0x0000000100000000)
  region size 1024K, 3 young (3072K), 3 survivors (3072K)
 Metaspace       used 59636K, capacity 60105K, committed 60236K, reserved 1101824K
  class space    used 7773K, capacity 7939K, committed 8064K, reserved 1048576K
}
Event: 9.422 GC heap before
{Heap before GC invocations=20 (full 0):
 garbage-first heap   total 89088K, used 69072K [0x0000000081400000, 0x0000000100000000)
  region size 1024K, 37 young (37888K), 3 survivors (3072K)
 Metaspace       used 62240K, capacity 62850K, committed 62924K, reserved 1103872K
  class space    used 8202K, capacity 8424K, committed 8448K, reserved 1048576K
}
Event: 9.432 GC heap after
{Heap after GC invocations=21 (full 0):
 garbage-first heap   total 89088K, used 37778K [0x0000000081400000, 0x0000000100000000)
  region size 1024K, 5 young (5120K), 5 survivors (5120K)
 Metaspace       used 62240K, capacity 62850K, committed 62924K, reserved 1103872K
  class space    used 8202K, capacity 8424K, committed 8448K, reserved 1048576K
}
Event: 9.883 GC heap before
{Heap before GC invocations=21 (full 0):
 garbage-first heap   total 89088K, used 70546K [0x0000000081400000, 0x0000000100000000)
  region size 1024K, 37 young (37888K), 5 survivors (5120K)
 Metaspace       used 64530K, capacity 65107K, committed 65356K, reserved 1105920K
  class space    used 8518K, capacity 8720K, committed 8832K, reserved 1048576K
}
Event: 9.898 GC heap after
{Heap after GC invocations=22 (full 0):
 garbage-first heap   total 89088K, used 41289K [0x0000000081400000, 0x0000000100000000)
  region size 1024K, 4 young (4096K), 4 survivors (4096K)
 Metaspace       used 64530K, capacity 65107K, committed 65356K, reserved 1105920K
  class space    used 8518K, capacity 8720K, committed 8832K, reserved 1048576K
}
Event: 10.547 GC heap before
{Heap before GC invocations=22 (full 0):
 garbage-first heap   total 89088K, used 69961K [0x0000000081400000, 0x0000000100000000)
  region size 1024K, 32 young (32768K), 4 survivors (4096K)
 Metaspace       used 68035K, capacity 68687K, committed 68940K, reserved 1110016K
  class space    used 9044K, capacity 9247K, committed 9344K, reserved 1048576K
}
Event: 10.556 GC heap after
{Heap after GC invocations=23 (full 0):
 garbage-first heap   total 107520K, used 42100K [0x0000000081400000, 0x0000000100000000)
  region size 1024K, 2 young (2048K), 2 survivors (2048K)
 Metaspace       used 68035K, capacity 68687K, committed 68940K, reserved 1110016K
  class space    used 9044K, capacity 9247K, committed 9344K, reserved 1048576K
}

